<?xml version="1.0" encoding="UTF-8"?>
<testng-results ignored="0" total="2" passed="2" failed="0" skipped="0">
  <reporter-output>
  </reporter-output>
  <suite started-at="2024-01-03T23:08:28 IST" name="Default suite" finished-at="2024-01-03T23:08:41 IST" duration-ms="12544">
    <groups>
    </groups>
    <test started-at="2024-01-03T23:08:28 IST" name="Default test" finished-at="2024-01-03T23:08:41 IST" duration-ms="12544">
      <class name="seleniumQAidea.Parametrization">
        <test-method signature="logintest(java.lang.String,java.lang.String)[pri:0, instance:seleniumQAidea.Parametrization@3cd3e762]" started-at="2024-01-03T23:08:28 IST" name="logintest" data-provider="Testdata" finished-at="2024-01-03T23:08:37 IST" duration-ms="8660" status="PASS">
          <params>
            <param index="0">
              <value>
                <![CDATA[student]]>
              </value>
            </param>
            <param index="1">
              <value>
                <![CDATA[Password123]]>
              </value>
            </param>
          </params>
          <reporter-output>
          </reporter-output>
        </test-method> <!-- logintest -->
        <test-method signature="logintest(java.lang.String,java.lang.String)[pri:0, instance:seleniumQAidea.Parametrization@3cd3e762]" started-at="2024-01-03T23:08:37 IST" name="logintest" data-provider="Testdata" finished-at="2024-01-03T23:08:41 IST" duration-ms="3801" status="PASS">
          <params>
            <param index="0">
              <value>
                <![CDATA[student1]]>
              </value>
            </param>
            <param index="1">
              <value>
                <![CDATA[Password1234]]>
              </value>
            </param>
          </params>
          <reporter-output>
          </reporter-output>
        </test-method> <!-- logintest -->
      </class> <!-- seleniumQAidea.Parametrization -->
    </test> <!-- Default test -->
  </suite> <!-- Default suite -->
</testng-results>
